<?xml version="1.0" encoding="UTF-8"?>
<!-- Generated by org.testng.reporters.JUnitXMLReporter -->
<testsuite ignored="0" hostname="Vinay" failures="0" tests="6" name="Default test" time="0.102" errors="0" timestamp="2023-03-07T08:41:21 IST">
  <testcase classname="TestNg.OrderOfExecutionMultiple" name="createcontact" time="0.011"/>
  <testcase classname="TestNg.OrderOfExecutionMultiple" name="createcontact" time="0.002"/>
  <testcase classname="TestNg.OrderOfExecutionMultiple" name="createcontact" time="0.001"/>
  <testcase classname="TestNg.OrderOfExecutionMultiple" name="createcontact" time="0.001"/>
  <testcase classname="TestNg.OrderOfExecutionMultiple" name="modifycontact" time="0.004"/>
  <testcase classname="TestNg.OrderOfExecutionMultiple" name="deletecontact" time="0.003"/>
</testsuite> <!-- Default test -->
