<?xml version="1.0" encoding="UTF-8"?>
<testng-results ignored="0" total="6" passed="6" failed="0" skipped="0">
  <reporter-output>
  </reporter-output>
  <suite started-at="2023-03-07T08:41:20 IST" name="Default suite" finished-at="2023-03-07T08:41:20 IST" duration-ms="102">
    <groups>
    </groups>
    <test started-at="2023-03-07T08:41:20 IST" name="Default test" finished-at="2023-03-07T08:41:20 IST" duration-ms="102">
      <class name="TestNg.OrderOfExecutionMultiple">
        <test-method signature="createcontact()[pri:0, instance:TestNg.OrderOfExecutionMultiple@66d3eec0]" started-at="2023-03-07T08:41:20 IST" name="createcontact" finished-at="2023-03-07T08:41:20 IST" duration-ms="11" status="PASS">
          <reporter-output>
          </reporter-output>
        </test-method> <!-- createcontact -->
        <test-method signature="createcontact()[pri:0, instance:TestNg.OrderOfExecutionMultiple@66d3eec0]" started-at="2023-03-07T08:41:20 IST" name="createcontact" finished-at="2023-03-07T08:41:20 IST" duration-ms="2" status="PASS">
          <reporter-output>
          </reporter-output>
        </test-method> <!-- createcontact -->
        <test-method signature="createcontact()[pri:0, instance:TestNg.OrderOfExecutionMultiple@66d3eec0]" started-at="2023-03-07T08:41:20 IST" name="createcontact" finished-at="2023-03-07T08:41:20 IST" duration-ms="1" status="PASS">
          <reporter-output>
          </reporter-output>
        </test-method> <!-- createcontact -->
        <test-method signature="createcontact()[pri:0, instance:TestNg.OrderOfExecutionMultiple@66d3eec0]" started-at="2023-03-07T08:41:20 IST" name="createcontact" finished-at="2023-03-07T08:41:20 IST" duration-ms="1" status="PASS">
          <reporter-output>
          </reporter-output>
        </test-method> <!-- createcontact -->
        <test-method signature="modifycontact()[pri:0, instance:TestNg.OrderOfExecutionMultiple@66d3eec0]" started-at="2023-03-07T08:41:20 IST" name="modifycontact" finished-at="2023-03-07T08:41:20 IST" depends-on-methods="TestNg.OrderOfExecutionMultiple.createcontact" duration-ms="4" status="PASS">
          <reporter-output>
          </reporter-output>
        </test-method> <!-- modifycontact -->
        <test-method signature="deletecontact()[pri:0, instance:TestNg.OrderOfExecutionMultiple@66d3eec0]" started-at="2023-03-07T08:41:20 IST" name="deletecontact" finished-at="2023-03-07T08:41:20 IST" depends-on-methods="TestNg.OrderOfExecutionMultiple.modifycontact" duration-ms="3" status="PASS">
          <reporter-output>
          </reporter-output>
        </test-method> <!-- deletecontact -->
      </class> <!-- TestNg.OrderOfExecutionMultiple -->
    </test> <!-- Default test -->
  </suite> <!-- Default suite -->
</testng-results>
